--------------------------------------------------------------------------------
Release 14.6 Trace  (nt64)
Copyright (c) 1995-2013 Xilinx, Inc.  All rights reserved.

C:\Xilinx\14.6\ISE_DS\ISE\bin\nt64\unwrapped\trce.exe -intstyle ise -v 3 -s 3
-n 3 -fastpaths -xml top.twx top.ncd -o top.twr top.pcf

Design file:              top.ncd
Physical constraint file: top.pcf
Device,package,speed:     xc6slx16,csg324,C,-3 (PRODUCTION 1.23 2013-06-08)
Report level:             verbose report

Environment Variable      Effect 
--------------------      ------ 
NONE                      No environment variables were set
--------------------------------------------------------------------------------

INFO:Timing:3412 - To improve timing, see the Timing Closure User Guide (UG612).
INFO:Timing:2752 - To get complete path coverage, use the unconstrained paths 
   option. All paths that are not constrained will be reported in the 
   unconstrained paths section(s) of the report.
INFO:Timing:3339 - The clock-to-out numbers in this timing report are based on 
   a 50 Ohm transmission line loading model.  For the details of this model, 
   and for more information on accounting for different loading conditions, 
   please see the device datasheet.

================================================================================
Timing constraint: TS_sys_clk_pin = PERIOD TIMEGRP "sys_clk_pin" 100 MHz HIGH 
50%;
For more information, see Period Analysis in the Timing Closure User Guide (UG612).

 6601 paths analyzed, 406 endpoints analyzed, 0 failing endpoints
 0 timing errors detected. (0 setup errors, 0 hold errors, 0 component switching limit errors)
 Minimum period is   4.619ns.
--------------------------------------------------------------------------------

Paths for end point counter/clkdiv/outadj_9 (SLICE_X29Y15.B4), 97 paths
--------------------------------------------------------------------------------
Slack (setup path):     5.381ns (requirement - (data path - clock path skew + uncertainty))
  Source:               counter/clkdiv/out1_5 (FF)
  Destination:          counter/clkdiv/outadj_9 (FF)
  Requirement:          10.000ns
  Data Path Delay:      4.584ns (Levels of Logic = 4)
  Clock Path Skew:      0.000ns
  Source Clock:         clk_BUFGP rising at 0.000ns
  Destination Clock:    clk_BUFGP rising at 10.000ns
  Clock Uncertainty:    0.035ns

  Clock Uncertainty:          0.035ns  ((TSJ^2 + TIJ^2)^1/2 + DJ) / 2 + PE
    Total System Jitter (TSJ):  0.070ns
    Total Input Jitter (TIJ):   0.000ns
    Discrete Jitter (DJ):       0.000ns
    Phase Error (PE):           0.000ns

  Maximum Data Path at Slow Process Corner: counter/clkdiv/out1_5 to counter/clkdiv/outadj_9
    Location             Delay type         Delay(ns)  Physical Resource
                                                       Logical Resource(s)
    -------------------------------------------------  -------------------
    SLICE_X24Y15.BQ      Tcko                  0.408   counter/clkdiv/out1<7>
                                                       counter/clkdiv/out1_5
    SLICE_X23Y18.B2      net (fanout=7)        1.036   counter/clkdiv/out1<5>
    SLICE_X23Y18.B       Tilo                  0.259   counter/clkdiv/GND_4_o_GND_4_o_equal_2_o
                                                       counter/clkdiv/GND_4_o_GND_4_o_equal_2_o<26>4
    SLICE_X23Y19.B5      net (fanout=15)       0.385   counter/clkdiv/GND_4_o_GND_4_o_equal_10_o<17>2
    SLICE_X23Y19.B       Tilo                  0.259   counter/clkdiv/GND_4_o_GND_4_o_equal_6_o<25>3
                                                       counter/clkdiv/GND_4_o_GND_4_o_equal_6_o<25>5_1
    SLICE_X27Y17.C1      net (fanout=1)        0.848   counter/clkdiv/GND_4_o_GND_4_o_equal_6_o<25>5
    SLICE_X27Y17.C       Tilo                  0.259   counter/clkdiv/outadj<25>
                                                       counter/clkdiv/_n00956
    SLICE_X29Y15.B4      net (fanout=18)       0.808   counter/clkdiv/_n0095
    SLICE_X29Y15.CLK     Tas                   0.322   counter/clkdiv/outadj<11>
                                                       counter/clkdiv/outadj_9_rstpot
                                                       counter/clkdiv/outadj_9
    -------------------------------------------------  ---------------------------
    Total                                      4.584ns (1.507ns logic, 3.077ns route)
                                                       (32.9% logic, 67.1% route)

--------------------------------------------------------------------------------
Slack (setup path):     5.488ns (requirement - (data path - clock path skew + uncertainty))
  Source:               counter/clkdiv/out1_3 (FF)
  Destination:          counter/clkdiv/outadj_9 (FF)
  Requirement:          10.000ns
  Data Path Delay:      4.477ns (Levels of Logic = 4)
  Clock Path Skew:      0.000ns
  Source Clock:         clk_BUFGP rising at 0.000ns
  Destination Clock:    clk_BUFGP rising at 10.000ns
  Clock Uncertainty:    0.035ns

  Clock Uncertainty:          0.035ns  ((TSJ^2 + TIJ^2)^1/2 + DJ) / 2 + PE
    Total System Jitter (TSJ):  0.070ns
    Total Input Jitter (TIJ):   0.000ns
    Discrete Jitter (DJ):       0.000ns
    Phase Error (PE):           0.000ns

  Maximum Data Path at Slow Process Corner: counter/clkdiv/out1_3 to counter/clkdiv/outadj_9
    Location             Delay type         Delay(ns)  Physical Resource
                                                       Logical Resource(s)
    -------------------------------------------------  -------------------
    SLICE_X24Y14.DQ      Tcko                  0.408   counter/clkdiv/out1<3>
                                                       counter/clkdiv/out1_3
    SLICE_X23Y18.B3      net (fanout=7)        0.929   counter/clkdiv/out1<3>
    SLICE_X23Y18.B       Tilo                  0.259   counter/clkdiv/GND_4_o_GND_4_o_equal_2_o
                                                       counter/clkdiv/GND_4_o_GND_4_o_equal_2_o<26>4
    SLICE_X23Y19.B5      net (fanout=15)       0.385   counter/clkdiv/GND_4_o_GND_4_o_equal_10_o<17>2
    SLICE_X23Y19.B       Tilo                  0.259   counter/clkdiv/GND_4_o_GND_4_o_equal_6_o<25>3
                                                       counter/clkdiv/GND_4_o_GND_4_o_equal_6_o<25>5_1
    SLICE_X27Y17.C1      net (fanout=1)        0.848   counter/clkdiv/GND_4_o_GND_4_o_equal_6_o<25>5
    SLICE_X27Y17.C       Tilo                  0.259   counter/clkdiv/outadj<25>
                                                       counter/clkdiv/_n00956
    SLICE_X29Y15.B4      net (fanout=18)       0.808   counter/clkdiv/_n0095
    SLICE_X29Y15.CLK     Tas                   0.322   counter/clkdiv/outadj<11>
                                                       counter/clkdiv/outadj_9_rstpot
                                                       counter/clkdiv/outadj_9
    -------------------------------------------------  ---------------------------
    Total                                      4.477ns (1.507ns logic, 2.970ns route)
                                                       (33.7% logic, 66.3% route)

--------------------------------------------------------------------------------
Slack (setup path):     5.496ns (requirement - (data path - clock path skew + uncertainty))
  Source:               counter/clkdiv/out2_17 (FF)
  Destination:          counter/clkdiv/outadj_9 (FF)
  Requirement:          10.000ns
  Data Path Delay:      4.476ns (Levels of Logic = 4)
  Clock Path Skew:      0.007ns (0.363 - 0.356)
  Source Clock:         clk_BUFGP rising at 0.000ns
  Destination Clock:    clk_BUFGP rising at 10.000ns
  Clock Uncertainty:    0.035ns

  Clock Uncertainty:          0.035ns  ((TSJ^2 + TIJ^2)^1/2 + DJ) / 2 + PE
    Total System Jitter (TSJ):  0.070ns
    Total Input Jitter (TIJ):   0.000ns
    Discrete Jitter (DJ):       0.000ns
    Phase Error (PE):           0.000ns

  Maximum Data Path at Slow Process Corner: counter/clkdiv/out2_17 to counter/clkdiv/outadj_9
    Location             Delay type         Delay(ns)  Physical Resource
                                                       Logical Resource(s)
    -------------------------------------------------  -------------------
    SLICE_X21Y19.BQ      Tcko                  0.391   counter/clkdiv/out2<21>
                                                       counter/clkdiv/out2_17
    SLICE_X23Y19.C2      net (fanout=2)        0.998   counter/clkdiv/out2<17>
    SLICE_X23Y19.C       Tilo                  0.259   counter/clkdiv/GND_4_o_GND_4_o_equal_6_o<25>3
                                                       counter/clkdiv/GND_4_o_GND_4_o_equal_6_o<25>2
    SLICE_X23Y19.B4      net (fanout=2)        0.332   counter/clkdiv/GND_4_o_GND_4_o_equal_6_o<25>1
    SLICE_X23Y19.B       Tilo                  0.259   counter/clkdiv/GND_4_o_GND_4_o_equal_6_o<25>3
                                                       counter/clkdiv/GND_4_o_GND_4_o_equal_6_o<25>5_1
    SLICE_X27Y17.C1      net (fanout=1)        0.848   counter/clkdiv/GND_4_o_GND_4_o_equal_6_o<25>5
    SLICE_X27Y17.C       Tilo                  0.259   counter/clkdiv/outadj<25>
                                                       counter/clkdiv/_n00956
    SLICE_X29Y15.B4      net (fanout=18)       0.808   counter/clkdiv/_n0095
    SLICE_X29Y15.CLK     Tas                   0.322   counter/clkdiv/outadj<11>
                                                       counter/clkdiv/outadj_9_rstpot
                                                       counter/clkdiv/outadj_9
    -------------------------------------------------  ---------------------------
    Total                                      4.476ns (1.490ns logic, 2.986ns route)
                                                       (33.3% logic, 66.7% route)

--------------------------------------------------------------------------------

Paths for end point counter/clkdiv/outadj_8 (SLICE_X29Y15.A4), 97 paths
--------------------------------------------------------------------------------
Slack (setup path):     5.435ns (requirement - (data path - clock path skew + uncertainty))
  Source:               counter/clkdiv/out1_5 (FF)
  Destination:          counter/clkdiv/outadj_8 (FF)
  Requirement:          10.000ns
  Data Path Delay:      4.530ns (Levels of Logic = 4)
  Clock Path Skew:      0.000ns
  Source Clock:         clk_BUFGP rising at 0.000ns
  Destination Clock:    clk_BUFGP rising at 10.000ns
  Clock Uncertainty:    0.035ns

  Clock Uncertainty:          0.035ns  ((TSJ^2 + TIJ^2)^1/2 + DJ) / 2 + PE
    Total System Jitter (TSJ):  0.070ns
    Total Input Jitter (TIJ):   0.000ns
    Discrete Jitter (DJ):       0.000ns
    Phase Error (PE):           0.000ns

  Maximum Data Path at Slow Process Corner: counter/clkdiv/out1_5 to counter/clkdiv/outadj_8
    Location             Delay type         Delay(ns)  Physical Resource
                                                       Logical Resource(s)
    -------------------------------------------------  -------------------
    SLICE_X24Y15.BQ      Tcko                  0.408   counter/clkdiv/out1<7>
                                                       counter/clkdiv/out1_5
    SLICE_X23Y18.B2      net (fanout=7)        1.036   counter/clkdiv/out1<5>
    SLICE_X23Y18.B       Tilo                  0.259   counter/clkdiv/GND_4_o_GND_4_o_equal_2_o
                                                       counter/clkdiv/GND_4_o_GND_4_o_equal_2_o<26>4
    SLICE_X23Y19.B5      net (fanout=15)       0.385   counter/clkdiv/GND_4_o_GND_4_o_equal_10_o<17>2
    SLICE_X23Y19.B       Tilo                  0.259   counter/clkdiv/GND_4_o_GND_4_o_equal_6_o<25>3
                                                       counter/clkdiv/GND_4_o_GND_4_o_equal_6_o<25>5_1
    SLICE_X27Y17.C1      net (fanout=1)        0.848   counter/clkdiv/GND_4_o_GND_4_o_equal_6_o<25>5
    SLICE_X27Y17.C       Tilo                  0.259   counter/clkdiv/outadj<25>
                                                       counter/clkdiv/_n00956
    SLICE_X29Y15.A4      net (fanout=18)       0.754   counter/clkdiv/_n0095
    SLICE_X29Y15.CLK     Tas                   0.322   counter/clkdiv/outadj<11>
                                                       counter/clkdiv/outadj_8_rstpot
                                                       counter/clkdiv/outadj_8
    -------------------------------------------------  ---------------------------
    Total                                      4.530ns (1.507ns logic, 3.023ns route)
                                                       (33.3% logic, 66.7% route)

--------------------------------------------------------------------------------
Slack (setup path):     5.542ns (requirement - (data path - clock path skew + uncertainty))
  Source:               counter/clkdiv/out1_3 (FF)
  Destination:          counter/clkdiv/outadj_8 (FF)
  Requirement:          10.000ns
  Data Path Delay:      4.423ns (Levels of Logic = 4)
  Clock Path Skew:      0.000ns
  Source Clock:         clk_BUFGP rising at 0.000ns
  Destination Clock:    clk_BUFGP rising at 10.000ns
  Clock Uncertainty:    0.035ns

  Clock Uncertainty:          0.035ns  ((TSJ^2 + TIJ^2)^1/2 + DJ) / 2 + PE
    Total System Jitter (TSJ):  0.070ns
    Total Input Jitter (TIJ):   0.000ns
    Discrete Jitter (DJ):       0.000ns
    Phase Error (PE):           0.000ns

  Maximum Data Path at Slow Process Corner: counter/clkdiv/out1_3 to counter/clkdiv/outadj_8
    Location             Delay type         Delay(ns)  Physical Resource
                                                       Logical Resource(s)
    -------------------------------------------------  -------------------
    SLICE_X24Y14.DQ      Tcko                  0.408   counter/clkdiv/out1<3>
                                                       counter/clkdiv/out1_3
    SLICE_X23Y18.B3      net (fanout=7)        0.929   counter/clkdiv/out1<3>
    SLICE_X23Y18.B       Tilo                  0.259   counter/clkdiv/GND_4_o_GND_4_o_equal_2_o
                                                       counter/clkdiv/GND_4_o_GND_4_o_equal_2_o<26>4
    SLICE_X23Y19.B5      net (fanout=15)       0.385   counter/clkdiv/GND_4_o_GND_4_o_equal_10_o<17>2
    SLICE_X23Y19.B       Tilo                  0.259   counter/clkdiv/GND_4_o_GND_4_o_equal_6_o<25>3
                                                       counter/clkdiv/GND_4_o_GND_4_o_equal_6_o<25>5_1
    SLICE_X27Y17.C1      net (fanout=1)        0.848   counter/clkdiv/GND_4_o_GND_4_o_equal_6_o<25>5
    SLICE_X27Y17.C       Tilo                  0.259   counter/clkdiv/outadj<25>
                                                       counter/clkdiv/_n00956
    SLICE_X29Y15.A4      net (fanout=18)       0.754   counter/clkdiv/_n0095
    SLICE_X29Y15.CLK     Tas                   0.322   counter/clkdiv/outadj<11>
                                                       counter/clkdiv/outadj_8_rstpot
                                                       counter/clkdiv/outadj_8
    -------------------------------------------------  ---------------------------
    Total                                      4.423ns (1.507ns logic, 2.916ns route)
                                                       (34.1% logic, 65.9% route)

--------------------------------------------------------------------------------
Slack (setup path):     5.550ns (requirement - (data path - clock path skew + uncertainty))
  Source:               counter/clkdiv/out2_17 (FF)
  Destination:          counter/clkdiv/outadj_8 (FF)
  Requirement:          10.000ns
  Data Path Delay:      4.422ns (Levels of Logic = 4)
  Clock Path Skew:      0.007ns (0.363 - 0.356)
  Source Clock:         clk_BUFGP rising at 0.000ns
  Destination Clock:    clk_BUFGP rising at 10.000ns
  Clock Uncertainty:    0.035ns

  Clock Uncertainty:          0.035ns  ((TSJ^2 + TIJ^2)^1/2 + DJ) / 2 + PE
    Total System Jitter (TSJ):  0.070ns
    Total Input Jitter (TIJ):   0.000ns
    Discrete Jitter (DJ):       0.000ns
    Phase Error (PE):           0.000ns

  Maximum Data Path at Slow Process Corner: counter/clkdiv/out2_17 to counter/clkdiv/outadj_8
    Location             Delay type         Delay(ns)  Physical Resource
                                                       Logical Resource(s)
    -------------------------------------------------  -------------------
    SLICE_X21Y19.BQ      Tcko                  0.391   counter/clkdiv/out2<21>
                                                       counter/clkdiv/out2_17
    SLICE_X23Y19.C2      net (fanout=2)        0.998   counter/clkdiv/out2<17>
    SLICE_X23Y19.C       Tilo                  0.259   counter/clkdiv/GND_4_o_GND_4_o_equal_6_o<25>3
                                                       counter/clkdiv/GND_4_o_GND_4_o_equal_6_o<25>2
    SLICE_X23Y19.B4      net (fanout=2)        0.332   counter/clkdiv/GND_4_o_GND_4_o_equal_6_o<25>1
    SLICE_X23Y19.B       Tilo                  0.259   counter/clkdiv/GND_4_o_GND_4_o_equal_6_o<25>3
                                                       counter/clkdiv/GND_4_o_GND_4_o_equal_6_o<25>5_1
    SLICE_X27Y17.C1      net (fanout=1)        0.848   counter/clkdiv/GND_4_o_GND_4_o_equal_6_o<25>5
    SLICE_X27Y17.C       Tilo                  0.259   counter/clkdiv/outadj<25>
                                                       counter/clkdiv/_n00956
    SLICE_X29Y15.A4      net (fanout=18)       0.754   counter/clkdiv/_n0095
    SLICE_X29Y15.CLK     Tas                   0.322   counter/clkdiv/outadj<11>
                                                       counter/clkdiv/outadj_8_rstpot
                                                       counter/clkdiv/outadj_8
    -------------------------------------------------  ---------------------------
    Total                                      4.422ns (1.490ns logic, 2.932ns route)
                                                       (33.7% logic, 66.3% route)

--------------------------------------------------------------------------------

Paths for end point counter/clkdiv/outadj_11 (SLICE_X29Y15.D5), 97 paths
--------------------------------------------------------------------------------
Slack (setup path):     5.499ns (requirement - (data path - clock path skew + uncertainty))
  Source:               counter/clkdiv/out1_5 (FF)
  Destination:          counter/clkdiv/outadj_11 (FF)
  Requirement:          10.000ns
  Data Path Delay:      4.466ns (Levels of Logic = 4)
  Clock Path Skew:      0.000ns
  Source Clock:         clk_BUFGP rising at 0.000ns
  Destination Clock:    clk_BUFGP rising at 10.000ns
  Clock Uncertainty:    0.035ns

  Clock Uncertainty:          0.035ns  ((TSJ^2 + TIJ^2)^1/2 + DJ) / 2 + PE
    Total System Jitter (TSJ):  0.070ns
    Total Input Jitter (TIJ):   0.000ns
    Discrete Jitter (DJ):       0.000ns
    Phase Error (PE):           0.000ns

  Maximum Data Path at Slow Process Corner: counter/clkdiv/out1_5 to counter/clkdiv/outadj_11
    Location             Delay type         Delay(ns)  Physical Resource
                                                       Logical Resource(s)
    -------------------------------------------------  -------------------
    SLICE_X24Y15.BQ      Tcko                  0.408   counter/clkdiv/out1<7>
                                                       counter/clkdiv/out1_5
    SLICE_X23Y18.B2      net (fanout=7)        1.036   counter/clkdiv/out1<5>
    SLICE_X23Y18.B       Tilo                  0.259   counter/clkdiv/GND_4_o_GND_4_o_equal_2_o
                                                       counter/clkdiv/GND_4_o_GND_4_o_equal_2_o<26>4
    SLICE_X23Y19.B5      net (fanout=15)       0.385   counter/clkdiv/GND_4_o_GND_4_o_equal_10_o<17>2
    SLICE_X23Y19.B       Tilo                  0.259   counter/clkdiv/GND_4_o_GND_4_o_equal_6_o<25>3
                                                       counter/clkdiv/GND_4_o_GND_4_o_equal_6_o<25>5_1
    SLICE_X27Y17.C1      net (fanout=1)        0.848   counter/clkdiv/GND_4_o_GND_4_o_equal_6_o<25>5
    SLICE_X27Y17.C       Tilo                  0.259   counter/clkdiv/outadj<25>
                                                       counter/clkdiv/_n00956
    SLICE_X29Y15.D5      net (fanout=18)       0.690   counter/clkdiv/_n0095
    SLICE_X29Y15.CLK     Tas                   0.322   counter/clkdiv/outadj<11>
                                                       counter/clkdiv/outadj_11_rstpot
                                                       counter/clkdiv/outadj_11
    -------------------------------------------------  ---------------------------
    Total                                      4.466ns (1.507ns logic, 2.959ns route)
                                                       (33.7% logic, 66.3% route)

--------------------------------------------------------------------------------
Slack (setup path):     5.606ns (requirement - (data path - clock path skew + uncertainty))
  Source:               counter/clkdiv/out1_3 (FF)
  Destination:          counter/clkdiv/outadj_11 (FF)
  Requirement:          10.000ns
  Data Path Delay:      4.359ns (Levels of Logic = 4)
  Clock Path Skew:      0.000ns
  Source Clock:         clk_BUFGP rising at 0.000ns
  Destination Clock:    clk_BUFGP rising at 10.000ns
  Clock Uncertainty:    0.035ns

  Clock Uncertainty:          0.035ns  ((TSJ^2 + TIJ^2)^1/2 + DJ) / 2 + PE
    Total System Jitter (TSJ):  0.070ns
    Total Input Jitter (TIJ):   0.000ns
    Discrete Jitter (DJ):       0.000ns
    Phase Error (PE):           0.000ns

  Maximum Data Path at Slow Process Corner: counter/clkdiv/out1_3 to counter/clkdiv/outadj_11
    Location             Delay type         Delay(ns)  Physical Resource
                                                       Logical Resource(s)
    -------------------------------------------------  -------------------
    SLICE_X24Y14.DQ      Tcko                  0.408   counter/clkdiv/out1<3>
                                                       counter/clkdiv/out1_3
    SLICE_X23Y18.B3      net (fanout=7)        0.929   counter/clkdiv/out1<3>
    SLICE_X23Y18.B       Tilo                  0.259   counter/clkdiv/GND_4_o_GND_4_o_equal_2_o
                                                       counter/clkdiv/GND_4_o_GND_4_o_equal_2_o<26>4
    SLICE_X23Y19.B5      net (fanout=15)       0.385   counter/clkdiv/GND_4_o_GND_4_o_equal_10_o<17>2
    SLICE_X23Y19.B       Tilo                  0.259   counter/clkdiv/GND_4_o_GND_4_o_equal_6_o<25>3
                                                       counter/clkdiv/GND_4_o_GND_4_o_equal_6_o<25>5_1
    SLICE_X27Y17.C1      net (fanout=1)        0.848   counter/clkdiv/GND_4_o_GND_4_o_equal_6_o<25>5
    SLICE_X27Y17.C       Tilo                  0.259   counter/clkdiv/outadj<25>
                                                       counter/clkdiv/_n00956
    SLICE_X29Y15.D5      net (fanout=18)       0.690   counter/clkdiv/_n0095
    SLICE_X29Y15.CLK     Tas                   0.322   counter/clkdiv/outadj<11>
                                                       counter/clkdiv/outadj_11_rstpot
                                                       counter/clkdiv/outadj_11
    -------------------------------------------------  ---------------------------
    Total                                      4.359ns (1.507ns logic, 2.852ns route)
                                                       (34.6% logic, 65.4% route)

--------------------------------------------------------------------------------
Slack (setup path):     5.614ns (requirement - (data path - clock path skew + uncertainty))
  Source:               counter/clkdiv/out2_17 (FF)
  Destination:          counter/clkdiv/outadj_11 (FF)
  Requirement:          10.000ns
  Data Path Delay:      4.358ns (Levels of Logic = 4)
  Clock Path Skew:      0.007ns (0.363 - 0.356)
  Source Clock:         clk_BUFGP rising at 0.000ns
  Destination Clock:    clk_BUFGP rising at 10.000ns
  Clock Uncertainty:    0.035ns

  Clock Uncertainty:          0.035ns  ((TSJ^2 + TIJ^2)^1/2 + DJ) / 2 + PE
    Total System Jitter (TSJ):  0.070ns
    Total Input Jitter (TIJ):   0.000ns
    Discrete Jitter (DJ):       0.000ns
    Phase Error (PE):           0.000ns

  Maximum Data Path at Slow Process Corner: counter/clkdiv/out2_17 to counter/clkdiv/outadj_11
    Location             Delay type         Delay(ns)  Physical Resource
                                                       Logical Resource(s)
    -------------------------------------------------  -------------------
    SLICE_X21Y19.BQ      Tcko                  0.391   counter/clkdiv/out2<21>
                                                       counter/clkdiv/out2_17
    SLICE_X23Y19.C2      net (fanout=2)        0.998   counter/clkdiv/out2<17>
    SLICE_X23Y19.C       Tilo                  0.259   counter/clkdiv/GND_4_o_GND_4_o_equal_6_o<25>3
                                                       counter/clkdiv/GND_4_o_GND_4_o_equal_6_o<25>2
    SLICE_X23Y19.B4      net (fanout=2)        0.332   counter/clkdiv/GND_4_o_GND_4_o_equal_6_o<25>1
    SLICE_X23Y19.B       Tilo                  0.259   counter/clkdiv/GND_4_o_GND_4_o_equal_6_o<25>3
                                                       counter/clkdiv/GND_4_o_GND_4_o_equal_6_o<25>5_1
    SLICE_X27Y17.C1      net (fanout=1)        0.848   counter/clkdiv/GND_4_o_GND_4_o_equal_6_o<25>5
    SLICE_X27Y17.C       Tilo                  0.259   counter/clkdiv/outadj<25>
                                                       counter/clkdiv/_n00956
    SLICE_X29Y15.D5      net (fanout=18)       0.690   counter/clkdiv/_n0095
    SLICE_X29Y15.CLK     Tas                   0.322   counter/clkdiv/outadj<11>
                                                       counter/clkdiv/outadj_11_rstpot
                                                       counter/clkdiv/outadj_11
    -------------------------------------------------  ---------------------------
    Total                                      4.358ns (1.490ns logic, 2.868ns route)
                                                       (34.2% logic, 65.8% route)

--------------------------------------------------------------------------------

Hold Paths: TS_sys_clk_pin = PERIOD TIMEGRP "sys_clk_pin" 100 MHz HIGH 50%;
--------------------------------------------------------------------------------

Paths for end point counter/min_l_1 (SLICE_X32Y9.B5), 1 path
--------------------------------------------------------------------------------
Slack (hold path):      0.402ns (requirement - (clock path skew + uncertainty - data path))
  Source:               counter/min_l_0 (FF)
  Destination:          counter/min_l_1 (FF)
  Requirement:          0.000ns
  Data Path Delay:      0.402ns (Levels of Logic = 1)
  Clock Path Skew:      0.000ns
  Source Clock:         clk_BUFGP rising at 10.000ns
  Destination Clock:    clk_BUFGP rising at 10.000ns
  Clock Uncertainty:    0.000ns

  Minimum Data Path at Fast Process Corner: counter/min_l_0 to counter/min_l_1
    Location             Delay type         Delay(ns)  Physical Resource
                                                       Logical Resource(s)
    -------------------------------------------------  -------------------
    SLICE_X32Y9.BQ       Tcko                  0.200   counter/min_l<4>
                                                       counter/min_l_0
    SLICE_X32Y9.B5       net (fanout=7)        0.081   counter/min_l<0>
    SLICE_X32Y9.CLK      Tah         (-Th)    -0.121   counter/min_l<4>
                                                       counter/min_l_1_dpot
                                                       counter/min_l_1
    -------------------------------------------------  ---------------------------
    Total                                      0.402ns (0.321ns logic, 0.081ns route)
                                                       (79.9% logic, 20.1% route)

--------------------------------------------------------------------------------

Paths for end point counter/min_l_4 (SLICE_X32Y9.D6), 1 path
--------------------------------------------------------------------------------
Slack (hold path):      0.413ns (requirement - (clock path skew + uncertainty - data path))
  Source:               counter/min_l_4 (FF)
  Destination:          counter/min_l_4 (FF)
  Requirement:          0.000ns
  Data Path Delay:      0.413ns (Levels of Logic = 1)
  Clock Path Skew:      0.000ns
  Source Clock:         clk_BUFGP rising at 10.000ns
  Destination Clock:    clk_BUFGP rising at 10.000ns
  Clock Uncertainty:    0.000ns

  Minimum Data Path at Fast Process Corner: counter/min_l_4 to counter/min_l_4
    Location             Delay type         Delay(ns)  Physical Resource
                                                       Logical Resource(s)
    -------------------------------------------------  -------------------
    SLICE_X32Y9.DQ       Tcko                  0.200   counter/min_l<4>
                                                       counter/min_l_4
    SLICE_X32Y9.D6       net (fanout=2)        0.023   counter/min_l<4>
    SLICE_X32Y9.CLK      Tah         (-Th)    -0.190   counter/min_l<4>
                                                       counter/min_l_4_dpot
                                                       counter/min_l_4
    -------------------------------------------------  ---------------------------
    Total                                      0.413ns (0.390ns logic, 0.023ns route)
                                                       (94.4% logic, 5.6% route)

--------------------------------------------------------------------------------

Paths for end point counter/sec_r_3 (SLICE_X27Y10.D6), 1 path
--------------------------------------------------------------------------------
Slack (hold path):      0.440ns (requirement - (clock path skew + uncertainty - data path))
  Source:               counter/sec_r_3 (FF)
  Destination:          counter/sec_r_3 (FF)
  Requirement:          0.000ns
  Data Path Delay:      0.440ns (Levels of Logic = 1)
  Clock Path Skew:      0.000ns
  Source Clock:         clk_BUFGP rising at 10.000ns
  Destination Clock:    clk_BUFGP rising at 10.000ns
  Clock Uncertainty:    0.000ns

  Minimum Data Path at Fast Process Corner: counter/sec_r_3 to counter/sec_r_3
    Location             Delay type         Delay(ns)  Physical Resource
                                                       Logical Resource(s)
    -------------------------------------------------  -------------------
    SLICE_X27Y10.DQ      Tcko                  0.198   counter/sec_r<3>
                                                       counter/sec_r_3
    SLICE_X27Y10.D6      net (fanout=7)        0.027   counter/sec_r<3>
    SLICE_X27Y10.CLK     Tah         (-Th)    -0.215   counter/sec_r<3>
                                                       counter/sec_r_3_rstpot1
                                                       counter/sec_r_3
    -------------------------------------------------  ---------------------------
    Total                                      0.440ns (0.413ns logic, 0.027ns route)
                                                       (93.9% logic, 6.1% route)

--------------------------------------------------------------------------------

Component Switching Limit Checks: TS_sys_clk_pin = PERIOD TIMEGRP "sys_clk_pin" 100 MHz HIGH 50%;
--------------------------------------------------------------------------------
Slack: 8.270ns (period - min period limit)
  Period: 10.000ns
  Min period limit: 1.730ns (578.035MHz) (Tbcper_I)
  Physical resource: clk_BUFGP/BUFG/I0
  Logical resource: clk_BUFGP/BUFG/I0
  Location pin: BUFGMUX_X3Y13.I0
  Clock network: clk_BUFGP/IBUFG
--------------------------------------------------------------------------------
Slack: 9.570ns (period - min period limit)
  Period: 10.000ns
  Min period limit: 0.430ns (2325.581MHz) (Tcp)
  Physical resource: counter/clkdiv/out1<3>/CLK
  Logical resource: counter/clkdiv/out1_0/CK
  Location pin: SLICE_X24Y14.CLK
  Clock network: clk_BUFGP
--------------------------------------------------------------------------------
Slack: 9.570ns (period - min period limit)
  Period: 10.000ns
  Min period limit: 0.430ns (2325.581MHz) (Tcp)
  Physical resource: counter/clkdiv/out1<3>/CLK
  Logical resource: counter/clkdiv/out1_1/CK
  Location pin: SLICE_X24Y14.CLK
  Clock network: clk_BUFGP
--------------------------------------------------------------------------------


All constraints were met.


Data Sheet report:
-----------------
All values displayed in nanoseconds (ns)

Clock to Setup on destination clock clk
---------------+---------+---------+---------+---------+
               | Src:Rise| Src:Fall| Src:Rise| Src:Fall|
Source Clock   |Dest:Rise|Dest:Rise|Dest:Fall|Dest:Fall|
---------------+---------+---------+---------+---------+
clk            |    4.619|         |         |         |
---------------+---------+---------+---------+---------+


Timing summary:
---------------

Timing errors: 0  Score: 0  (Setup/Max: 0, Hold: 0)

Constraints cover 6601 paths, 0 nets, and 649 connections

Design statistics:
   Minimum period:   4.619ns{1}   (Maximum frequency: 216.497MHz)


------------------------------------Footnotes-----------------------------------
1)  The minimum period statistic assumes all single cycle delays.

Analysis completed Tue May 15 11:26:03 2018 
--------------------------------------------------------------------------------

Trace Settings:
-------------------------
Trace Settings 

Peak Memory Usage: 220 MB



